<?xml version="1.0" encoding="UTF-8"?>
<!-- Generated by org.testng.reporters.JUnitXMLReporter -->
<testsuite ignored="0" hostname="Sandy-PC" failures="0" tests="1" name="Test-runner-chrome" time="123.812" errors="0" timestamp="2024-07-27T14:34:21 IST">
  <testcase classname="com.actitime.testscript.CustomerModule" name="createCustomer" time="15.367"/>
</testsuite> <!-- Test-runner-chrome -->
