<?xml version="1.0" encoding="UTF-8"?>
<!-- Generated by org.testng.reporters.JUnitXMLReporter -->
<testsuite ignored="0" hostname="Sandy-PC" failures="0" tests="1" name="Test-runner-edge" time="84.704" errors="0" timestamp="2024-07-27T14:33:42 IST">
  <testcase classname="com.actitime.testscript.ProjectModule" name="createNewProject" time="0.021"/>
</testsuite> <!-- Test-runner-edge -->
