<?xml version="1.0" encoding="UTF-8"?>
<!-- Generated by org.testng.reporters.JUnitXMLReporter -->
<testsuite ignored="0" hostname="Sandy-PC" failures="0" tests="1" name="Test-runner-firefox" time="90.031" errors="0" timestamp="2024-07-27T14:33:47 IST">
  <testcase classname="com.actitime.testscript.CreateNewTask" name="newTask" time="0.015"/>
</testsuite> <!-- Test-runner-firefox -->
