<?xml version="1.0" encoding="UTF-8"?>
<!-- Generated by org.testng.reporters.JUnitReportReporter -->
<testsuite hostname="saravanan" failures="0" tests="1" name="com.actitime.testscript.CreateNewTask" time="17.532" errors="0" timestamp="2024-08-01T13:42:14 IST" skipped="0">
  <testcase classname="com.actitime.testscript.CreateNewTask" name="newTask" time="17.532"/>
  <system-out/>
</testsuite> <!-- com.actitime.testscript.CreateNewTask -->
