<?xml version="1.0" encoding="UTF-8"?>
<!-- Generated by org.testng.reporters.JUnitReportReporter -->
<testsuite hostname="Sandy-PC" failures="0" tests="1" name="com.actitime.testscript.ProjectModule" time="50.705" errors="0" timestamp="2024-08-03T21:29:24 IST" skipped="0">
  <testcase classname="com.actitime.testscript.ProjectModule" name="createNewProject" time="50.705"/>
  <system-out>
    <![CDATA[Launch Browser
Login to application
createcustomer
Logout from application
Close Browser
Launch Browser
Login to application
Logout from application
Close Browser]]>
  </system-out>
</testsuite> <!-- com.actitime.testscript.ProjectModule -->
