<?xml version="1.0" encoding="UTF-8"?>
<!-- Generated by org.testng.reporters.JUnitReportReporter -->
<testsuite hostname="Sandy-PC" failures="0" tests="1" name="com.actitime.testscript.CustomerModule" time="42.274" errors="0" timestamp="2024-08-03T21:29:24 IST" skipped="0">
  <testcase classname="com.actitime.testscript.CustomerModule" name="createCustomer" time="42.274">
    <system-out>
      <![CDATA[createcustomer]]>
    </system-out>
  </testcase> <!-- createCustomer -->
  <system-out>
    <![CDATA[Launch Browser
Login to application
createcustomer
Logout from application
Close Browser
Launch Browser
Login to application
Logout from application
Close Browser]]>
  </system-out>
</testsuite> <!-- com.actitime.testscript.CustomerModule -->
