<?xml version="1.0" encoding="UTF-8"?>
<!-- Generated by org.testng.reporters.JUnitReportReporter -->
<testsuite hostname="Sandy-PC" failures="0" tests="1" name="com.actitime.testscript.CreateNewTask" time="39.844" errors="0" timestamp="2024-08-01T12:53:09 IST" skipped="0">
  <testcase classname="com.actitime.testscript.CreateNewTask" name="newTask" time="39.844"/>
  <system-out>
    <![CDATA[Launch Browser
Login to application
Logout from application
Close Browser
Launch Browser
Login to application
createcustomer
Logout from application
Close Browser
Launch Browser
Login to application
Logout from application
Close Browser]]>
  </system-out>
</testsuite> <!-- com.actitime.testscript.CreateNewTask -->
